0 info it worked if it ends with ok
1 verbose cli [ '/usr/bin/node', '/usr/bin/npm', 'publish' ]
2 info using npm@1.3.11
3 info using node@v0.10.20
4 verbose node symlink /usr/bin/node
5 verbose publish [ '.' ]
6 verbose cache add [ '.', null ]
7 verbose cache add name=undefined spec="." args=[".",null]
8 verbose parsed url { protocol: null,
8 verbose parsed url   slashes: null,
8 verbose parsed url   auth: null,
8 verbose parsed url   host: null,
8 verbose parsed url   port: null,
8 verbose parsed url   hostname: null,
8 verbose parsed url   hash: null,
8 verbose parsed url   search: null,
8 verbose parsed url   query: null,
8 verbose parsed url   pathname: '.',
8 verbose parsed url   path: '.',
8 verbose parsed url   href: '.' }
9 silly lockFile 3a52ce78- .
10 verbose lock . /home/alxarch/.npm/3a52ce78-.lock
11 verbose tar pack [ '/home/alxarch/tmp/npm-16208-5jTW95Oz/1380752626181-0.5384542986284941/tmp.tgz',
11 verbose tar pack   '.' ]
12 verbose tarball /home/alxarch/tmp/npm-16208-5jTW95Oz/1380752626181-0.5384542986284941/tmp.tgz
13 verbose folder .
14 silly lockFile 1f1177db-tar tar://.
15 verbose lock tar://. /home/alxarch/.npm/1f1177db-tar.lock
16 silly lockFile 70925edc-26181-0-5384542986284941-tmp-tgz tar:///home/alxarch/tmp/npm-16208-5jTW95Oz/1380752626181-0.5384542986284941/tmp.tgz
17 verbose lock tar:///home/alxarch/tmp/npm-16208-5jTW95Oz/1380752626181-0.5384542986284941/tmp.tgz /home/alxarch/.npm/70925edc-26181-0-5384542986284941-tmp-tgz.lock
18 silly lockFile 1f1177db-tar tar://.
19 silly lockFile 1f1177db-tar tar://.
20 silly lockFile 70925edc-26181-0-5384542986284941-tmp-tgz tar:///home/alxarch/tmp/npm-16208-5jTW95Oz/1380752626181-0.5384542986284941/tmp.tgz
21 silly lockFile 70925edc-26181-0-5384542986284941-tmp-tgz tar:///home/alxarch/tmp/npm-16208-5jTW95Oz/1380752626181-0.5384542986284941/tmp.tgz
22 verbose tar unpack /home/alxarch/tmp/npm-16208-5jTW95Oz/1380752626181-0.5384542986284941/tmp.tgz
23 silly lockFile 7fcfb0e0-26181-0-5384542986284941-package tar:///home/alxarch/tmp/npm-16208-5jTW95Oz/1380752626181-0.5384542986284941/package
24 verbose lock tar:///home/alxarch/tmp/npm-16208-5jTW95Oz/1380752626181-0.5384542986284941/package /home/alxarch/.npm/7fcfb0e0-26181-0-5384542986284941-package.lock
25 silly lockFile 70925edc-26181-0-5384542986284941-tmp-tgz tar:///home/alxarch/tmp/npm-16208-5jTW95Oz/1380752626181-0.5384542986284941/tmp.tgz
26 verbose lock tar:///home/alxarch/tmp/npm-16208-5jTW95Oz/1380752626181-0.5384542986284941/tmp.tgz /home/alxarch/.npm/70925edc-26181-0-5384542986284941-tmp-tgz.lock
27 silly gunzTarPerm modes [ '755', '644' ]
28 silly gunzTarPerm extractEntry package.json
29 silly gunzTarPerm modified mode [ 'package.json', 436, 420 ]
30 silly gunzTarPerm extractEntry .npmignore
31 silly gunzTarPerm modified mode [ '.npmignore', 436, 420 ]
32 silly gunzTarPerm extractEntry README.md
33 silly gunzTarPerm modified mode [ 'README.md', 436, 420 ]
34 silly gunzTarPerm extractEntry Gruntfile.js
35 silly gunzTarPerm modified mode [ 'Gruntfile.js', 436, 420 ]
36 silly gunzTarPerm extractEntry .jshintrc
37 silly gunzTarPerm modified mode [ '.jshintrc', 436, 420 ]
38 silly gunzTarPerm extractEntry .travis.yml
39 silly gunzTarPerm modified mode [ '.travis.yml', 436, 420 ]
40 silly gunzTarPerm extractEntry LICENSE-MIT
41 silly gunzTarPerm modified mode [ 'LICENSE-MIT', 436, 420 ]
42 silly gunzTarPerm extractEntry lib/basex.js
43 silly gunzTarPerm modified mode [ 'lib/basex.js', 436, 420 ]
44 silly gunzTarPerm extractEntry test/basex_test.js
45 silly gunzTarPerm modified mode [ 'test/basex_test.js', 436, 420 ]
46 silly gunzTarPerm extractEntry test/fixtures/book.html
47 silly gunzTarPerm modified mode [ 'test/fixtures/book.html', 436, 420 ]
48 silly gunzTarPerm extractEntry test/fixtures/info.bxs
49 silly gunzTarPerm modified mode [ 'test/fixtures/info.bxs', 436, 420 ]
50 silly gunzTarPerm extractEntry test/fixtures/query.xql
51 silly gunzTarPerm modified mode [ 'test/fixtures/query.xql', 436, 420 ]
52 silly lockFile 7fcfb0e0-26181-0-5384542986284941-package tar:///home/alxarch/tmp/npm-16208-5jTW95Oz/1380752626181-0.5384542986284941/package
53 silly lockFile 7fcfb0e0-26181-0-5384542986284941-package tar:///home/alxarch/tmp/npm-16208-5jTW95Oz/1380752626181-0.5384542986284941/package
54 silly lockFile 70925edc-26181-0-5384542986284941-tmp-tgz tar:///home/alxarch/tmp/npm-16208-5jTW95Oz/1380752626181-0.5384542986284941/tmp.tgz
55 silly lockFile 70925edc-26181-0-5384542986284941-tmp-tgz tar:///home/alxarch/tmp/npm-16208-5jTW95Oz/1380752626181-0.5384542986284941/tmp.tgz
56 verbose tar pack [ '/home/alxarch/.npm/basex-standalone/1.3.0/package.tgz',
56 verbose tar pack   '/home/alxarch/tmp/npm-16208-5jTW95Oz/1380752626181-0.5384542986284941/package' ]
57 verbose tarball /home/alxarch/.npm/basex-standalone/1.3.0/package.tgz
58 verbose folder /home/alxarch/tmp/npm-16208-5jTW95Oz/1380752626181-0.5384542986284941/package
59 silly lockFile 7fcfb0e0-26181-0-5384542986284941-package tar:///home/alxarch/tmp/npm-16208-5jTW95Oz/1380752626181-0.5384542986284941/package
60 verbose lock tar:///home/alxarch/tmp/npm-16208-5jTW95Oz/1380752626181-0.5384542986284941/package /home/alxarch/.npm/7fcfb0e0-26181-0-5384542986284941-package.lock
61 silly lockFile d4971ac2-sex-standalone-1-3-0-package-tgz tar:///home/alxarch/.npm/basex-standalone/1.3.0/package.tgz
62 verbose lock tar:///home/alxarch/.npm/basex-standalone/1.3.0/package.tgz /home/alxarch/.npm/d4971ac2-sex-standalone-1-3-0-package-tgz.lock
63 silly lockFile 7fcfb0e0-26181-0-5384542986284941-package tar:///home/alxarch/tmp/npm-16208-5jTW95Oz/1380752626181-0.5384542986284941/package
64 silly lockFile 7fcfb0e0-26181-0-5384542986284941-package tar:///home/alxarch/tmp/npm-16208-5jTW95Oz/1380752626181-0.5384542986284941/package
65 silly lockFile d4971ac2-sex-standalone-1-3-0-package-tgz tar:///home/alxarch/.npm/basex-standalone/1.3.0/package.tgz
66 silly lockFile d4971ac2-sex-standalone-1-3-0-package-tgz tar:///home/alxarch/.npm/basex-standalone/1.3.0/package.tgz
67 silly lockFile bd5872fd-m-basex-standalone-1-3-0-package /home/alxarch/.npm/basex-standalone/1.3.0/package
68 verbose lock /home/alxarch/.npm/basex-standalone/1.3.0/package /home/alxarch/.npm/bd5872fd-m-basex-standalone-1-3-0-package.lock
69 silly lockFile bd5872fd-m-basex-standalone-1-3-0-package /home/alxarch/.npm/basex-standalone/1.3.0/package
70 silly lockFile bd5872fd-m-basex-standalone-1-3-0-package /home/alxarch/.npm/basex-standalone/1.3.0/package
71 verbose tar unpack /home/alxarch/.npm/basex-standalone/1.3.0/package.tgz
72 silly lockFile 18aae419-m-basex-standalone-1-3-0-package tar:///home/alxarch/.npm/basex-standalone/1.3.0/package
73 verbose lock tar:///home/alxarch/.npm/basex-standalone/1.3.0/package /home/alxarch/.npm/18aae419-m-basex-standalone-1-3-0-package.lock
74 silly lockFile d4971ac2-sex-standalone-1-3-0-package-tgz tar:///home/alxarch/.npm/basex-standalone/1.3.0/package.tgz
75 verbose lock tar:///home/alxarch/.npm/basex-standalone/1.3.0/package.tgz /home/alxarch/.npm/d4971ac2-sex-standalone-1-3-0-package-tgz.lock
76 silly gunzTarPerm modes [ '755', '644' ]
77 silly gunzTarPerm extractEntry package.json
78 silly gunzTarPerm extractEntry .npmignore
79 silly gunzTarPerm extractEntry README.md
80 silly gunzTarPerm extractEntry Gruntfile.js
81 silly gunzTarPerm extractEntry .jshintrc
82 silly gunzTarPerm extractEntry .travis.yml
83 silly gunzTarPerm extractEntry LICENSE-MIT
84 silly gunzTarPerm extractEntry lib/basex.js
85 silly gunzTarPerm extractEntry test/basex_test.js
86 silly gunzTarPerm extractEntry test/fixtures/book.html
87 silly gunzTarPerm extractEntry test/fixtures/info.bxs
88 silly gunzTarPerm extractEntry test/fixtures/query.xql
89 silly lockFile 18aae419-m-basex-standalone-1-3-0-package tar:///home/alxarch/.npm/basex-standalone/1.3.0/package
90 silly lockFile 18aae419-m-basex-standalone-1-3-0-package tar:///home/alxarch/.npm/basex-standalone/1.3.0/package
91 silly lockFile d4971ac2-sex-standalone-1-3-0-package-tgz tar:///home/alxarch/.npm/basex-standalone/1.3.0/package.tgz
92 silly lockFile d4971ac2-sex-standalone-1-3-0-package-tgz tar:///home/alxarch/.npm/basex-standalone/1.3.0/package.tgz
93 verbose chmod /home/alxarch/.npm/basex-standalone/1.3.0/package.tgz 644
94 verbose chown /home/alxarch/.npm/basex-standalone/1.3.0/package.tgz [ 1000, 1000 ]
95 silly lockFile 3a52ce78- .
96 silly lockFile 3a52ce78- .
97 silly publish { name: 'basex-standalone',
97 silly publish   description: 'Process data using XQuery with BaseX in standalone mode.',
97 silly publish   version: '1.3.0',
97 silly publish   homepage: 'https://github.com/alxarch/basex-standalone',
97 silly publish   author: { name: 'Alexandros Sigalas', email: 'alxarch@gmail.com' },
97 silly publish   repository:
97 silly publish    { type: 'git',
97 silly publish      url: 'git://github.com/alxarch/basex-standalone.git' },
97 silly publish   bugs: { url: 'https://github.com/alxarch/basex-standalone/issues' },
97 silly publish   licenses:
97 silly publish    [ { type: 'MIT',
97 silly publish        url: 'https://github.com/alxarch/basex-standalone/blob/master/LICENSE-MIT' } ],
97 silly publish   main: 'lib/basex',
97 silly publish   engines: { node: '>= 0.8.0' },
97 silly publish   scripts: { test: 'grunt test' },
97 silly publish   devDependencies:
97 silly publish    { 'grunt-contrib-jshint': '~0.6.0',
97 silly publish      'grunt-contrib-nodeunit': '~0.2.0',
97 silly publish      'grunt-contrib-watch': '~0.4.0',
97 silly publish      grunt: '~0.4.1',
97 silly publish      'grunt-contrib-clean': '~0.4.1',
97 silly publish      nodeunit: '~0.8.1' },
97 silly publish   keywords: [ 'basex', 'xquery' ],
97 silly publish   dependencies: { lodash: '~1.3.1' },
97 silly publish   readme: '# basex-standalone [![Build Status](https://secure.travis-ci.org/alxarch/basex-standalone.png?branch=master)](http://travis-ci.org/alxarch/basex-standalone)\n\nProcess data using `XQuery` with `BaseX` in standalone mode.\n\n## Getting Started\n\n\nInstall the module with: `npm install basex-standalone`\n\n```js\n\nvar basex = require(\'basex-standalone\');\n\n// prints \'1 2 3 4 5 6 7 8 9 10\'\nbasex({xquery: \'1 to 10\'}, function(error, data){\n\tif(e) throw e\n\telse console.log(data) \n})\n```\n\nOr create a partial to set individual defaults\n\n```js\n\nvar basex = require(\'basex-standalone\');\n\nvar b = basex.partial({\n\tdebug: true,\n\tbasexpath: \'/tmp/basex\'\n})\n\n// prints \'/tmp/basex/data\'\nb({\n\tserializer: { method: \'text\' },\n\txquery: \'db:system()/mainoptions/dbpath/text()\'\n}, function(error, data){\n\tif(e) throw e\n\telse console.log(data) \n})\n```\n\n## Documentation\n\n\n`BaseX` includes a fast, feature-rich XQuery processor\nthat can juggle json, xml, csv and other data easily\nand provides powerful document manipulation facilities \nby implementing the XQuery Update specification.\n\nFor more information about `BaseX`, \nwhat you can do with it, \nand how to do it,\nread through the *excellent* documentation on [docs.basex.org](http://docs.basex.org)\n\nThis module acts as a simple wrapper around `BaseX`\'s\n*Standalone Mode* passing arguments via cli and reading back\nstdout/stderr output.\n\n> Tip: For better performance, prefer [Command Scripts](http://docs.basex.org/wiki/Commands#Command_Scripts)\n> over sequential invocations (ie multiple `ADD`, `SET` commands)\n\n## Usage\n\nUse buffered output by passing a callback\n\n```js\n\nvar basex = require(\'basex\')\n\nbasex({xquery: \'1 to 10\', function(error, data){\n\tif(e) throw e\n\telse console.log(data) \n})\n```\n\nor directly access the `ChildProcess`:\n\n```js\n\nvar basex = require(\'basex\')\n\nvar custom = basex.partial({classpath: \'path/to/basex.jar\'})\n\nvar cp = custom({xquery: \'1 to 10\'})\n\ncp.stdout.pipe(process.stdout)\n```\n\n### Partials\n\nPartials are a convenience to facilitate with default options handling.\n\n```js\n\nvar basex = require(\'basex-standalone\')\n\nvar partial = basex.partial({debug: true, newlines: true})\n\npartial(\'1 to 10\')\npartial(\'test.xql\')\n\n```\n\n#### `basex.partial(defaults)`\n\nReturns: `Function`\n\nReturns a partially applied function that will always use the provided options as defaults.\n\n\n#### `partial(options, callback)`\n\nReturns: `ChildProcess`\n\nCalling the partial will execute an operation.\n\n### Options\n\nOptions are converted to `BaseX` standalone arguments. \nFor better understanding of these arguments see [Startup Options](http://docs.basex.org/wiki/Startup_Options#BaseX_Standalone).\n\nOptions object is also passed on to `child_process.spawn()` [more](http://nodejs.org/api/child_process.html#child_process_child_process_spawn_command_args_options)\n\n\n#### `run`\n\nType: `String`\n\nDefault value: `\'\'`\n\nThe actual operation to run.\n\nSimilar to `RUN` command. [docs](http://docs.basex.org/wiki/Commands#RUN)\n\n> Note: `run` argument will directly evaluate as XQuery by BaseX if it doesn\'t point to a file.\n> It is preferable to use the `option.xquery` in order to evaluate XQuery code.\n\n#### `commands`\n\nType: `String|Array`\n\nDefault value: `[]`\n\nArgument(s): `-c<COMMAND>`\n\nExecute commands before running the operation.\n\n#### `bind`\n\nType: `Object`\n\nDefault value: `{}`\n\nArgument(s): `-b<name>=<val>`\n\nBinds external variables to XQuery expressions. \n[docs](http://docs.basex.org/wiki/Options#BINDINGS)\n\n#### `xquery`\n\nType: `String`\n\nDefault value: `null`\n\nArgument: `-q<xquery>`\n\nExecutes the specified string as XQuery expression before running the operation \nand after executing the `options.commands`.\n\n#### `debug`\n\nType: `Boolean`\n\nDefault value: `false`\n\nArgument: `-d`\n\nToggles the debugging mode.\n\n\n#### `input`\n\nType: `String`\n\nDefault value: `null`\n\nArgument: `-i<input>`\n\nSets file/directory to use as context.\n\n\n#### `output`\n\nType: `String`\n\nDefault value: `null`\n\nArgument: `-o<output>`\n\nSets file to write all output to.\n\n\n#### `newline`\n\nType: `Boolean`\n\nDefault value: `false`\n\nArgument: `-L`\n\nSeparates returned query items by newlines (instead of spaces) \nand appends a newline to the end of a result.\n\n#### `serializer`\n\nType: `Object`\n\nDefault value: `{}`\n\nArgument(s): `-s<name>=<value>`\n\nSpecifies parameters for serializing XQuery results.\n[docs](http://docs.basex.org/wiki/Serialization)\n\n#### `update`\n\nType: `Boolean`\n\nDefault value: `false`\n\nArgument: `-u`\n\nWrite updates back to original files.\n\n#### `whitespace`\n\nType: `Boolean`\n\nDefault value: `false`\n\nArgument: `-w`\n\nPreserve whitespaces from input files (`-w`).\n\n#### `java`\n\nType: `String`\n\nDefault value: `/usr/bin/env java`\n\nJava executable to use.\n\n\n#### `classpath`\n\nType: `String|Array`\n\nDefault value: `null`\n\n`CLASSPATH` definition to be used by Java [more](http://en.wikipedia.org/wiki/Classpath).\n\nIn order for the module to work java needs access to `org.basex.BaseX` class.\n\nDownload the latest version from [here](http://files.basex.org/releases)\n\nAlternatively `org.basex.BaseX` class must be available to java system-wide \n(i.e. by setting the CLASSPATH environment variable).\n\nOther useful files to include to the classpath are: \n\n- [tagsoup](http://ccil.org/~cowan/XML/tagsoup/) For HTML parsing\n- [saxon](http://www.saxonica.com/welcome/welcome.xml) For XSLT transforms and XSD validations\n\n\n#### `basexpath`\n\nType: `String`\n\nDefault value: `null`\n\nPath for BaseX [Home Directory](http://docs.basex.org/wiki/Configuration#Home_Directory)\n\n> Note that all file paths in commands / script etc \n> remain relative to node\'s cwd\n\n\n\n## Examples\n\nModify a document in-place using xquery\n\n```js\nbasex({\n\tinput: \'path/to/some/file.xml\',\n\tupdate: true,\n\txquery: \'for $a in //a return replace value of node $a/@href with "#test"\'\n})\n.then(function(data){\n\t// Updating xquery expressions have no output\n})\n```\n\nExecute an XQuery script file to \nquery a folder with multiple xml files\n\n```js\nbasex({\n\tinput: \'path/to/some/dir\',\n\trun: \'path/to/some/script.xql\'\n})\n.then(function(output){\n\tconsole.log(output)\n})\n```\n\nExecute a BaseX Command Script to batch-process json and xml data\n\n```xml\n<!-- some/command/script.bxs  -->\n<commands>\n\t<info/>\n\t<create-db name="test"/>\n\t<add path="test.xml">some/file.xml</add>\n\t<set option="parser">json</set>\n\t<set option="createfilter">*.json</set>\n\t<add>somedir/with/json/files</add>\n\t<xquery>\n\t<![CDATA[\n\t\tfor $book in //json/book\n\t\t\tlet $author = $book//author\n\t\t\tgroup by $author/@id\n\t\t\treturn \n\t\t\t<author books="{{count($book)}}">{{$author/text()}}</author>"\n\n\t ]]>\n\t </xquery>\n\t<drop-db name="test"/>\n<commands>\n```\n\n```js\nbasex(\'some/command/script.bxs\', function(error, data)\n        if(e) throw e\n        else console.log(data)\n    })\n```\n\n## Release History\n1.3.0 - basex.Job moved to it\'s own module\n1.2.0 - Simplify API and drop Q dependency\n1.1.0 - Include jar via downloading upon installation\n1.0.2 - fix order of required modules\n1.0.1 - fix multiple values for `options.classpath` \n1.0.0 - First Official Release\n\n## License\nCopyright (c) 2013 Alexandros Sigalas\nLicensed under the MIT license.\n',
97 silly publish   readmeFilename: 'README.md',
97 silly publish   _id: 'basex-standalone@1.3.0',
97 silly publish   dist: { shasum: '24ca070c65fd8d0640294219741ee4f18d6b07fe' },
97 silly publish   _from: '.' }
98 verbose url raw basex-standalone
99 verbose url resolving [ 'https://registry.npmjs.org/', './basex-standalone' ]
100 verbose url resolved https://registry.npmjs.org/basex-standalone
101 info trying registry request attempt 1 at 01:23:48
102 http PUT https://registry.npmjs.org/basex-standalone
103 http 409 https://registry.npmjs.org/basex-standalone
104 verbose url raw basex-standalone
105 verbose url resolving [ 'https://registry.npmjs.org/', './basex-standalone' ]
106 verbose url resolved https://registry.npmjs.org/basex-standalone
107 info trying registry request attempt 1 at 01:23:50
108 http GET https://registry.npmjs.org/basex-standalone
109 http 200 https://registry.npmjs.org/basex-standalone
110 error publish fail Cannot publish over existing version.
110 error publish fail Update the 'version' field in package.json and try again.
110 error publish fail
110 error publish fail If the previous version was published in error, see:
110 error publish fail     npm help unpublish
110 error publish fail
110 error publish fail To automatically increment version numbers, see:
110 error publish fail     npm help version
111 error System Linux 3.8.0-31-generic
112 error command "/usr/bin/node" "/usr/bin/npm" "publish"
113 error cwd /home/alxarch/projects/basex-standalone
114 error node -v v0.10.20
115 error npm -v 1.3.11
116 error code EPUBLISHCONFLICT
117 verbose exit [ 1, true ]
